============================= test session starts =============================
platform win32 -- Python 3.12.10, pytest-9.1.1, pluggy-1.6.0 -- C:\Users\Saurav\AppData\Local\Microsoft\WindowsApps\PythonSoftwareFoundation.Python.3.12_qbz5n2kfra8p0\python.exe
cachedir: .pytest_cache
rootdir: C:\Users\Saurav\Desktop\RiskPilot AI\apps\api
configfile: pytest.ini
plugins: anyio-4.12.1, asyncio-1.4.0
asyncio: mode=Mode.AUTO, debug=False, asyncio_default_fixture_loop_scope=None, asyncio_default_test_loop_scope=function
collecting ... collected 1 item

tests/test_external_event_to_resolution.py::test_external_event_to_resolution 2026-08-24 03:45:05,596 INFO sqlalchemy.engine.Engine BEGIN (implicit)
2026-08-24 03:45:05,597 INFO sqlalchemy.engine.Engine PRAGMA main.table_info("organizations")
2026-08-24 03:45:05,597 INFO sqlalchemy.engine.Engine [raw sql] ()
2026-08-24 03:45:05,599 INFO sqlalchemy.engine.Engine PRAGMA temp.table_info("organizations")
2026-08-24 03:45:05,599 INFO sqlalchemy.engine.Engine [raw sql] ()
2026-08-24 03:45:05,600 INFO sqlalchemy.engine.Engine PRAGMA main.table_info("users")
2026-08-24 03:45:05,600 INFO sqlalchemy.engine.Engine [raw sql] ()
2026-08-24 03:45:05,602 INFO sqlalchemy.engine.Engine PRAGMA temp.table_info("users")
2026-08-24 03:45:05,602 INFO sqlalchemy.engine.Engine [raw sql] ()
2026-08-24 03:45:05,603 INFO sqlalchemy.engine.Engine PRAGMA main.table_info("data_sources")
2026-08-24 03:45:05,603 INFO sqlalchemy.engine.Engine [raw sql] ()
2026-08-24 03:45:05,604 INFO sqlalchemy.engine.Engine PRAGMA temp.table_info("data_sources")
2026-08-24 03:45:05,604 INFO sqlalchemy.engine.Engine [raw sql] ()
2026-08-24 03:45:05,605 INFO sqlalchemy.engine.Engine PRAGMA main.table_info("api_keys")
2026-08-24 03:45:05,605 INFO sqlalchemy.engine.Engine [raw sql] ()
2026-08-24 03:45:05,606 INFO sqlalchemy.engine.Engine PRAGMA temp.table_info("api_keys")
2026-08-24 03:45:05,606 INFO sqlalchemy.engine.Engine [raw sql] ()
2026-08-24 03:45:05,607 INFO sqlalchemy.engine.Engine PRAGMA main.table_info("audit_trails")
2026-08-24 03:45:05,608 INFO sqlalchemy.engine.Engine [raw sql] ()
2026-08-24 03:45:05,609 INFO sqlalchemy.engine.Engine PRAGMA temp.table_info("audit_trails")
2026-08-24 03:45:05,609 INFO sqlalchemy.engine.Engine [raw sql] ()
2026-08-24 03:45:05,610 INFO sqlalchemy.engine.Engine PRAGMA main.table_info("events")
2026-08-24 03:45:05,610 INFO sqlalchemy.engine.Engine [raw sql] ()
2026-08-24 03:45:05,611 INFO sqlalchemy.engine.Engine PRAGMA temp.table_info("events")
2026-08-24 03:45:05,611 INFO sqlalchemy.engine.Engine [raw sql] ()
2026-08-24 03:45:05,612 INFO sqlalchemy.engine.Engine PRAGMA main.table_info("risk_cases")
2026-08-24 03:45:05,612 INFO sqlalchemy.engine.Engine [raw sql] ()
2026-08-24 03:45:05,614 INFO sqlalchemy.engine.Engine PRAGMA temp.table_info("risk_cases")
2026-08-24 03:45:05,614 INFO sqlalchemy.engine.Engine [raw sql] ()
2026-08-24 03:45:05,615 INFO sqlalchemy.engine.Engine PRAGMA main.table_info("investigations")
2026-08-24 03:45:05,615 INFO sqlalchemy.engine.Engine [raw sql] ()
2026-08-24 03:45:05,616 INFO sqlalchemy.engine.Engine PRAGMA temp.table_info("investigations")
2026-08-24 03:45:05,616 INFO sqlalchemy.engine.Engine [raw sql] ()
2026-08-24 03:45:05,617 INFO sqlalchemy.engine.Engine PRAGMA main.table_info("decisions")
2026-08-24 03:45:05,617 INFO sqlalchemy.engine.Engine [raw sql] ()
2026-08-24 03:45:05,618 INFO sqlalchemy.engine.Engine PRAGMA temp.table_info("decisions")
2026-08-24 03:45:05,618 INFO sqlalchemy.engine.Engine [raw sql] ()
2026-08-24 03:45:05,619 INFO sqlalchemy.engine.Engine PRAGMA main.table_info("evidence")
2026-08-24 03:45:05,619 INFO sqlalchemy.engine.Engine [raw sql] ()
2026-08-24 03:45:05,620 INFO sqlalchemy.engine.Engine PRAGMA temp.table_info("evidence")
2026-08-24 03:45:05,621 INFO sqlalchemy.engine.Engine [raw sql] ()
2026-08-24 03:45:05,622 INFO sqlalchemy.engine.Engine PRAGMA main.table_info("policies")
2026-08-24 03:45:05,622 INFO sqlalchemy.engine.Engine [raw sql] ()
2026-08-24 03:45:05,623 INFO sqlalchemy.engine.Engine PRAGMA temp.table_info("policies")
2026-08-24 03:45:05,623 INFO sqlalchemy.engine.Engine [raw sql] ()
2026-08-24 03:45:05,624 INFO sqlalchemy.engine.Engine PRAGMA main.table_info("risk_assessments")
2026-08-24 03:45:05,624 INFO sqlalchemy.engine.Engine [raw sql] ()
2026-08-24 03:45:05,625 INFO sqlalchemy.engine.Engine PRAGMA temp.table_info("risk_assessments")
2026-08-24 03:45:05,626 INFO sqlalchemy.engine.Engine [raw sql] ()
2026-08-24 03:45:05,627 INFO sqlalchemy.engine.Engine PRAGMA main.table_info("relationships")
2026-08-24 03:45:05,627 INFO sqlalchemy.engine.Engine [raw sql] ()
2026-08-24 03:45:05,628 INFO sqlalchemy.engine.Engine PRAGMA temp.table_info("relationships")
2026-08-24 03:45:05,628 INFO sqlalchemy.engine.Engine [raw sql] ()
2026-08-24 03:45:05,630 INFO sqlalchemy.engine.Engine 
CREATE TABLE organizations (
	id VARCHAR NOT NULL, 
	name VARCHAR, 
	created_at DATETIME, 
	PRIMARY KEY (id)
)


2026-08-24 03:45:05,630 INFO sqlalchemy.engine.Engine [no key 0.00021s] ()
2026-08-24 03:45:05,638 INFO sqlalchemy.engine.Engine 
CREATE TABLE relationships (
	id VARCHAR NOT NULL, 
	source_id VARCHAR, 
	target_id VARCHAR, 
	relationship_type VARCHAR, 
	created_at DATETIME, 
	PRIMARY KEY (id)
)


2026-08-24 03:45:05,638 INFO sqlalchemy.engine.Engine [no key 0.00024s] ()
2026-08-24 03:45:05,645 INFO sqlalchemy.engine.Engine 
CREATE TABLE users (
	id VARCHAR NOT NULL, 
	organization_id VARCHAR, 
	email VARCHAR, 
	role VARCHAR, 
	created_at DATETIME, 
	PRIMARY KEY (id), 
	FOREIGN KEY(organization_id) REFERENCES organizations (id), 
	UNIQUE (email)
)


2026-08-24 03:45:05,645 INFO sqlalchemy.engine.Engine [no key 0.00024s] ()
2026-08-24 03:45:05,651 INFO sqlalchemy.engine.Engine 
CREATE TABLE data_sources (
	id VARCHAR NOT NULL, 
	organization_id VARCHAR, 
	name VARCHAR, 
	source_type VARCHAR, 
	created_at DATETIME, 
	PRIMARY KEY (id), 
	FOREIGN KEY(organization_id) REFERENCES organizations (id)
)


2026-08-24 03:45:05,651 INFO sqlalchemy.engine.Engine [no key 0.00026s] ()
2026-08-24 03:45:05,658 INFO sqlalchemy.engine.Engine 
CREATE TABLE api_keys (
	id VARCHAR NOT NULL, 
	organization_id VARCHAR, 
	name VARCHAR, 
	key_hash VARCHAR NOT NULL, 
	prefix VARCHAR, 
	created_at DATETIME, 
	PRIMARY KEY (id), 
	FOREIGN KEY(organization_id) REFERENCES organizations (id), 
	UNIQUE (key_hash)
)


2026-08-24 03:45:05,658 INFO sqlalchemy.engine.Engine [no key 0.00025s] ()
2026-08-24 03:45:05,664 INFO sqlalchemy.engine.Engine 
CREATE TABLE events (
	id VARCHAR NOT NULL, 
	event_id VARCHAR NOT NULL, 
	organization_id VARCHAR NOT NULL, 
	source VARCHAR NOT NULL, 
	external_id VARCHAR NOT NULL, 
	event_type VARCHAR, 
	payload JSON, 
	timestamp DATETIME, 
	PRIMARY KEY (id), 
	CONSTRAINT uq_event_org_source_ext UNIQUE (organization_id, source, external_id), 
	UNIQUE (event_id), 
	FOREIGN KEY(organization_id) REFERENCES organizations (id)
)


2026-08-24 03:45:05,665 INFO sqlalchemy.engine.Engine [no key 0.00027s] ()
2026-08-24 03:45:05,672 INFO sqlalchemy.engine.Engine 
CREATE TABLE policies (
	id VARCHAR NOT NULL, 
	organization_id VARCHAR, 
	name VARCHAR, 
	version INTEGER, 
	rules_config JSON, 
	thresholds JSON, 
	is_active BOOLEAN, 
	created_at DATETIME, 
	PRIMARY KEY (id), 
	CONSTRAINT uq_policy_org_name_version UNIQUE (organization_id, name, version), 
	FOREIGN KEY(organization_id) REFERENCES organizations (id)
)


2026-08-24 03:45:05,672 INFO sqlalchemy.engine.Engine [no key 0.00028s] ()
2026-08-24 03:45:05,678 INFO sqlalchemy.engine.Engine 
CREATE TABLE audit_trails (
	id VARCHAR NOT NULL, 
	entity_type VARCHAR, 
	entity_id VARCHAR, 
	action VARCHAR, 
	user_id VARCHAR, 
	previous_hash VARCHAR, 
	hash VARCHAR, 
	metadata_json JSON, 
	timestamp DATETIME, 
	PRIMARY KEY (id), 
	FOREIGN KEY(user_id) REFERENCES users (id)
)


2026-08-24 03:45:05,678 INFO sqlalchemy.engine.Engine [no key 0.00023s] ()
2026-08-24 03:45:05,684 INFO sqlalchemy.engine.Engine 
CREATE TABLE risk_cases (
	id VARCHAR NOT NULL, 
	organization_id VARCHAR NOT NULL, 
	event_id VARCHAR, 
	status VARCHAR, 
	priority VARCHAR, 
	assigned_to VARCHAR, 
	attempt_count INTEGER, 
	last_error TEXT, 
	claimed_at DATETIME, 
	completed_at DATETIME, 
	worker_id VARCHAR, 
	created_at DATETIME, 
	PRIMARY KEY (id), 
	FOREIGN KEY(organization_id) REFERENCES organizations (id), 
	FOREIGN KEY(event_id) REFERENCES events (id), 
	FOREIGN KEY(assigned_to) REFERENCES users (id)
)


2026-08-24 03:45:05,685 INFO sqlalchemy.engine.Engine [no key 0.00040s] ()
2026-08-24 03:45:05,692 INFO sqlalchemy.engine.Engine 
CREATE TABLE investigations (
	id VARCHAR NOT NULL, 
	risk_case_id VARCHAR, 
	status VARCHAR, 
	started_at DATETIME, 
	completed_at DATETIME, 
	PRIMARY KEY (id), 
	FOREIGN KEY(risk_case_id) REFERENCES risk_cases (id)
)


2026-08-24 03:45:05,692 INFO sqlalchemy.engine.Engine [no key 0.00024s] ()
2026-08-24 03:45:05,698 INFO sqlalchemy.engine.Engine 
CREATE TABLE decisions (
	id VARCHAR NOT NULL, 
	risk_case_id VARCHAR, 
	actor_id VARCHAR, 
	system_recommendation VARCHAR, 
	human_decision VARCHAR, 
	reason TEXT, 
	policy_version INTEGER, 
	created_at DATETIME, 
	PRIMARY KEY (id), 
	FOREIGN KEY(risk_case_id) REFERENCES risk_cases (id), 
	FOREIGN KEY(actor_id) REFERENCES users (id)
)


2026-08-24 03:45:05,698 INFO sqlalchemy.engine.Engine [no key 0.00025s] ()
2026-08-24 03:45:05,704 INFO sqlalchemy.engine.Engine 
CREATE TABLE risk_assessments (
	id VARCHAR NOT NULL, 
	risk_case_id VARCHAR, 
	policy_id VARCHAR, 
	policy_version INTEGER, 
	policy_snapshot JSON, 
	signals_snapshot JSON, 
	risk_score INTEGER, 
	recommendation VARCHAR, 
	rationale TEXT, 
	created_at DATETIME, 
	PRIMARY KEY (id), 
	FOREIGN KEY(risk_case_id) REFERENCES risk_cases (id), 
	FOREIGN KEY(policy_id) REFERENCES policies (id)
)


2026-08-24 03:45:05,705 INFO sqlalchemy.engine.Engine [no key 0.00028s] ()
2026-08-24 03:45:05,710 INFO sqlalchemy.engine.Engine 
CREATE TABLE evidence (
	id VARCHAR NOT NULL, 
	investigation_id VARCHAR, 
	evidence_type VARCHAR, 
	source VARCHAR, 
	severity VARCHAR, 
	weight INTEGER, 
	confidence FLOAT, 
	value JSON, 
	explanation TEXT, 
	created_at DATETIME, 
	PRIMARY KEY (id), 
	FOREIGN KEY(investigation_id) REFERENCES investigations (id)
)


2026-08-24 03:45:05,711 INFO sqlalchemy.engine.Engine [no key 0.00022s] ()
2026-08-24 03:45:05,717 INFO sqlalchemy.engine.Engine COMMIT
2026-08-24 03:45:05,813 INFO sqlalchemy.engine.Engine BEGIN (implicit)
2026-08-24 03:45:05,816 INFO sqlalchemy.engine.Engine INSERT INTO organizations (id, name, created_at) VALUES (?, ?, ?)
2026-08-24 03:45:05,816 INFO sqlalchemy.engine.Engine [generated in 0.00040s] ('org_494d0b2a47ea', 'Acme Corp', '2026-08-23 22:15:05.815115')
2026-08-24 03:45:05,819 INFO sqlalchemy.engine.Engine COMMIT
2026-08-24 03:45:05,824 INFO sqlalchemy.engine.Engine BEGIN (implicit)
2026-08-24 03:45:05,827 INFO sqlalchemy.engine.Engine SELECT organizations.id, organizations.name, organizations.created_at 
FROM organizations 
WHERE organizations.id = ?
2026-08-24 03:45:05,827 INFO sqlalchemy.engine.Engine [generated in 0.00028s] ('org_494d0b2a47ea',)
2026-08-24 03:45:05,830 INFO sqlalchemy.engine.Engine ROLLBACK
2026-08-24 03:45:05,833 INFO sqlalchemy.engine.Engine BEGIN (implicit)
2026-08-24 03:45:05,834 INFO sqlalchemy.engine.Engine SELECT organizations.id, organizations.name, organizations.created_at 
FROM organizations 
WHERE organizations.id = ?
2026-08-24 03:45:05,834 INFO sqlalchemy.engine.Engine [generated in 0.00027s] ('org_494d0b2a47ea',)
2026-08-24 03:45:05,837 INFO sqlalchemy.engine.Engine INSERT INTO api_keys (id, organization_id, name, key_hash, prefix, created_at) VALUES (?, ?, ?, ?, ?, ?)
2026-08-24 03:45:05,838 INFO sqlalchemy.engine.Engine [generated in 0.00037s] ('key_5dfd83457558', 'org_494d0b2a47ea', 'Production Key', '3e672d1839874dca340e90c20d50f0f48ae1484c10c6d47a763f78dfaa74571f', 'rp_live_VTwx', '2026-08-23 22:15:05.837041')
2026-08-24 03:45:05,840 INFO sqlalchemy.engine.Engine COMMIT
2026-08-24 03:45:05,860 INFO sqlalchemy.engine.Engine BEGIN (implicit)
2026-08-24 03:45:05,862 INFO sqlalchemy.engine.Engine INSERT INTO policies (id, organization_id, name, version, rules_config, thresholds, is_active, created_at) VALUES (?, ?, ?, ?, ?, ?, ?, ?)
2026-08-24 03:45:05,862 INFO sqlalchemy.engine.Engine [generated in 0.00048s] ('pol_af02e2317ef5', 'org_494d0b2a47ea', 'Acme Default', 1, '{"Transaction Amount Anomaly": 20, "Suspicious IP": 25}', '{"escalate": 60, "hold": 30}', 1, '2026-08-23 22:15:05.861248')
2026-08-24 03:45:05,865 INFO sqlalchemy.engine.Engine COMMIT
2026-08-24 03:45:05,869 INFO sqlalchemy.engine.Engine BEGIN (implicit)
2026-08-24 03:45:05,871 INFO sqlalchemy.engine.Engine SELECT policies.id, policies.organization_id, policies.name, policies.version, policies.rules_config, policies.thresholds, policies.is_active, policies.created_at 
FROM policies 
WHERE policies.id = ?
2026-08-24 03:45:05,871 INFO sqlalchemy.engine.Engine [generated in 0.00027s] ('pol_af02e2317ef5',)
2026-08-24 03:45:05,873 INFO sqlalchemy.engine.Engine ROLLBACK
2026-08-24 03:45:05,877 INFO sqlalchemy.engine.Engine BEGIN (implicit)
2026-08-24 03:45:05,878 INFO sqlalchemy.engine.Engine SELECT api_keys.id, api_keys.organization_id, api_keys.name, api_keys.key_hash, api_keys.prefix, api_keys.created_at 
FROM api_keys 
WHERE api_keys.key_hash = ?
2026-08-24 03:45:05,878 INFO sqlalchemy.engine.Engine [generated in 0.00026s] ('3e672d1839874dca340e90c20d50f0f48ae1484c10c6d47a763f78dfaa74571f',)
2026-08-24 03:45:05,882 INFO sqlalchemy.engine.Engine INSERT INTO events (id, event_id, organization_id, source, external_id, event_type, payload, timestamp) VALUES (?, ?, ?, ?, ?, ?, ?, ?)
2026-08-24 03:45:05,882 INFO sqlalchemy.engine.Engine [generated in 0.00035s] ('b3950ba6-1c48-4aff-be61-e9c38b9826a8', 'evt_001', 'org_494d0b2a47ea', 'payment_gateway', 'tx_1001', 'transaction', '{"amount": 5000, "ip": "192.168.1.1", "_subject": {"type": "user", "id": "user_404"}, "_occurred_at": "2026-08-23T22:15:05.874512+00:00"}', '2026-08-23 22:15:05.880515')
2026-08-24 03:45:05,887 INFO sqlalchemy.engine.Engine INSERT INTO risk_cases (id, organization_id, event_id, status, priority, assigned_to, attempt_count, last_error, claimed_at, completed_at, worker_id, created_at) VALUES (?, ?, ?, ?, ?, ?, ?, ?, ?, ?, ?, ?)
2026-08-24 03:45:05,887 INFO sqlalchemy.engine.Engine [generated in 0.00036s] ('2fbde337-f497-4a2d-b1e4-8f9027505dff', 'org_494d0b2a47ea', 'b3950ba6-1c48-4aff-be61-e9c38b9826a8', 'NEW', None, None, 0, None, None, None, None, '2026-08-23 22:15:05.885525')
2026-08-24 03:45:05,889 INFO sqlalchemy.engine.Engine COMMIT
2026-08-24 03:45:05,893 INFO sqlalchemy.engine.Engine BEGIN (implicit)
2026-08-24 03:45:05,895 INFO sqlalchemy.engine.Engine SELECT events.id, events.event_id, events.organization_id, events.source, events.external_id, events.event_type, events.payload, events.timestamp 
FROM events 
WHERE events.id = ?
2026-08-24 03:45:05,895 INFO sqlalchemy.engine.Engine [generated in 0.00027s] ('b3950ba6-1c48-4aff-be61-e9c38b9826a8',)
2026-08-24 03:45:05,898 INFO sqlalchemy.engine.Engine SELECT risk_cases.id, risk_cases.organization_id, risk_cases.event_id, risk_cases.status, risk_cases.priority, risk_cases.assigned_to, risk_cases.attempt_count, risk_cases.last_error, risk_cases.claimed_at, risk_cases.completed_at, risk_cases.worker_id, risk_cases.created_at 
FROM risk_cases 
WHERE risk_cases.id = ?
2026-08-24 03:45:05,898 INFO sqlalchemy.engine.Engine [generated in 0.00027s] ('2fbde337-f497-4a2d-b1e4-8f9027505dff',)
INFO event_ingested event_id=b3950ba6-1c48-4aff-be61-e9c38b9826a8 source=payment_gateway org_id=org_494d0b2a47ea case_id=2fbde337-f497-4a2d-b1e4-8f9027505dff is_new=True
2026-08-24 03:45:05,901 INFO sqlalchemy.engine.Engine ROLLBACK
2026-08-24 03:45:05,903 INFO sqlalchemy.engine.Engine BEGIN (implicit)
2026-08-24 03:45:05,905 INFO sqlalchemy.engine.Engine UPDATE risk_cases SET status=?, last_error=?, worker_id=? WHERE risk_cases.status = ? AND risk_cases.claimed_at < ?
2026-08-24 03:45:05,905 INFO sqlalchemy.engine.Engine [generated in 0.00029s] ('NEW', 'Worker stale timeout', None, 'INVESTIGATING', '2026-08-23 22:05:05.902704')
2026-08-24 03:45:05,906 INFO sqlalchemy.engine.Engine COMMIT
DEBUG: is_sqlite=True, dialect=sqlite
2026-08-24 03:45:05,908 INFO sqlalchemy.engine.Engine BEGIN (implicit)
2026-08-24 03:45:05,909 INFO sqlalchemy.engine.Engine SELECT risk_cases.id, risk_cases.organization_id, risk_cases.event_id, risk_cases.status, risk_cases.priority, risk_cases.assigned_to, risk_cases.attempt_count, risk_cases.last_error, risk_cases.claimed_at, risk_cases.completed_at, risk_cases.worker_id, risk_cases.created_at 
FROM risk_cases 
WHERE risk_cases.status = ? ORDER BY risk_cases.created_at
 LIMIT ? OFFSET ?
2026-08-24 03:45:05,909 INFO sqlalchemy.engine.Engine [generated in 0.00028s] ('NEW', 1, 0)
2026-08-24 03:45:05,913 INFO sqlalchemy.engine.Engine UPDATE risk_cases SET status=?, attempt_count=?, claimed_at=?, worker_id=? WHERE risk_cases.id = ?
2026-08-24 03:45:05,913 INFO sqlalchemy.engine.Engine [generated in 0.00027s] ('INVESTIGATING', 1, '2026-08-23 22:15:05.911705', 'worker_test', '2fbde337-f497-4a2d-b1e4-8f9027505dff')
2026-08-24 03:45:05,916 INFO sqlalchemy.engine.Engine COMMIT
2026-08-24 03:45:05,920 INFO sqlalchemy.engine.Engine BEGIN (implicit)
2026-08-24 03:45:05,921 INFO sqlalchemy.engine.Engine SELECT risk_cases.id, risk_cases.organization_id, risk_cases.event_id, risk_cases.status, risk_cases.priority, risk_cases.assigned_to, risk_cases.attempt_count, risk_cases.last_error, risk_cases.claimed_at, risk_cases.completed_at, risk_cases.worker_id, risk_cases.created_at 
FROM risk_cases 
WHERE risk_cases.id = ?
2026-08-24 03:45:05,921 INFO sqlalchemy.engine.Engine [generated in 0.00028s] ('2fbde337-f497-4a2d-b1e4-8f9027505dff',)
2026-08-24 03:45:05,924 INFO sqlalchemy.engine.Engine SELECT risk_cases.id 
FROM risk_cases 
WHERE risk_cases.id = ?
2026-08-24 03:45:05,924 INFO sqlalchemy.engine.Engine [generated in 0.00025s] ('2fbde337-f497-4a2d-b1e4-8f9027505dff',)
2026-08-24 03:45:05,927 INFO sqlalchemy.engine.Engine SELECT events.id AS events_id, events.event_id AS events_event_id, events.organization_id AS events_organization_id, events.source AS events_source, events.external_id AS events_external_id, events.event_type AS events_event_type, events.payload AS events_payload, events.timestamp AS events_timestamp 
FROM events 
WHERE events.id = ?
2026-08-24 03:45:05,927 INFO sqlalchemy.engine.Engine [generated in 0.00028s] ('b3950ba6-1c48-4aff-be61-e9c38b9826a8',)
INFO investigation_started case_id=2fbde337-f497-4a2d-b1e4-8f9027505dff worker_id=worker_test investigation_id=inv_595c8e2019f5
INFO facts_collected case_id=2fbde337-f497-4a2d-b1e4-8f9027505dff fact_count=1
2026-08-24 03:45:05,932 INFO sqlalchemy.engine.Engine INSERT INTO audit_trails (id, entity_type, entity_id, action, user_id, previous_hash, hash, metadata_json, timestamp) VALUES (?, ?, ?, ?, ?, ?, ?, ?, ?)
2026-08-24 03:45:05,932 INFO sqlalchemy.engine.Engine [generated in 0.00044s] [('audit_a35cae948392', 'RiskCase', '2fbde337-f497-4a2d-b1e4-8f9027505dff', 'INVESTIGATION_STARTED', 'worker_test', None, None, '{"investigation_id": "inv_595c8e2019f5"}', '2026-08-23 22:15:05.932854'), ('audit_b6931994c347', 'RiskCase', '2fbde337-f497-4a2d-b1e4-8f9027505dff', 'FACTS_COLLECTED', 'worker_test', None, None, '{"fact_count": 1}', '2026-08-23 22:15:05.932854'), ('audit_70d7583b7409', 'RiskCase', '2fbde337-f497-4a2d-b1e4-8f9027505dff', 'EVIDENCE_CREATED', 'worker_test', None, None, '{"evidence_count": 1}', '2026-08-23 22:15:05.932854'), ('audit_e79d1dbe67bb', 'RiskCase', '2fbde337-f497-4a2d-b1e4-8f9027505dff', 'RELATIONSHIPS_DISCOVERED', 'worker_test', None, None, '{"relationship_count": 0}', '2026-08-23 22:15:05.932854')]
2026-08-24 03:45:05,936 INFO sqlalchemy.engine.Engine INSERT INTO investigations (id, risk_case_id, status, started_at, completed_at) VALUES (?, ?, ?, ?, ?)
2026-08-24 03:45:05,936 INFO sqlalchemy.engine.Engine [generated in 0.00034s] ('inv_595c8e2019f5', '2fbde337-f497-4a2d-b1e4-8f9027505dff', 'IN_PROGRESS', '2026-08-23 22:15:05.936853', None)
2026-08-24 03:45:05,939 INFO sqlalchemy.engine.Engine INSERT INTO evidence (id, investigation_id, evidence_type, source, severity, weight, confidence, value, explanation, created_at) VALUES (?, ?, ?, ?, ?, ?, ?, ?, ?, ?)
2026-08-24 03:45:05,939 INFO sqlalchemy.engine.Engine [generated in 0.00038s] ('ev_5343da775c82', 'inv_595c8e2019f5', 'HIGH_AMOUNT', 'transaction', 'LOW', 10, 1.0, '{"amount": 5000}', 'Derived from TRANSACTION_AMOUNT', '2026-08-23 22:15:05.939850')
2026-08-24 03:45:05,941 INFO sqlalchemy.engine.Engine SELECT policies.id, policies.organization_id, policies.name, policies.version, policies.rules_config, policies.thresholds, policies.is_active, policies.created_at 
FROM policies 
WHERE policies.organization_id = ? AND policies.is_active = 1
 LIMIT ? OFFSET ?
2026-08-24 03:45:05,941 INFO sqlalchemy.engine.Engine [generated in 0.00028s] ('org_494d0b2a47ea', 1, 0)
2026-08-24 03:45:05,943 INFO sqlalchemy.engine.Engine ROLLBACK
2026-08-24 03:45:05,945 INFO sqlalchemy.engine.Engine BEGIN (implicit)
2026-08-24 03:45:05,946 INFO sqlalchemy.engine.Engine SELECT risk_cases.id, risk_cases.organization_id, risk_cases.event_id, risk_cases.status, risk_cases.priority, risk_cases.assigned_to, risk_cases.attempt_count, risk_cases.last_error, risk_cases.claimed_at, risk_cases.completed_at, risk_cases.worker_id, risk_cases.created_at 
FROM risk_cases 
WHERE risk_cases.id = ?
2026-08-24 03:45:05,946 INFO sqlalchemy.engine.Engine [cached since 0.02462s ago] ('2fbde337-f497-4a2d-b1e4-8f9027505dff',)
2026-08-24 03:45:05,948 INFO sqlalchemy.engine.Engine UPDATE risk_cases SET status=?, last_error=? WHERE risk_cases.id = ?
2026-08-24 03:45:05,948 INFO sqlalchemy.engine.Engine [generated in 0.00026s] ('NEW', 'cannot unpack non-iterable int object', '2fbde337-f497-4a2d-b1e4-8f9027505dff')
2026-08-24 03:45:05,951 INFO sqlalchemy.engine.Engine COMMIT
2026-08-24 03:45:05,957 INFO sqlalchemy.engine.Engine BEGIN (implicit)
2026-08-24 03:45:05,958 INFO sqlalchemy.engine.Engine SELECT risk_cases.id, risk_cases.organization_id, risk_cases.event_id, risk_cases.status, risk_cases.priority, risk_cases.assigned_to, risk_cases.attempt_count, risk_cases.last_error, risk_cases.claimed_at, risk_cases.completed_at, risk_cases.worker_id, risk_cases.created_at 
FROM risk_cases 
WHERE risk_cases.id = ? AND risk_cases.organization_id = ?
2026-08-24 03:45:05,958 INFO sqlalchemy.engine.Engine [generated in 0.00029s] ('2fbde337-f497-4a2d-b1e4-8f9027505dff', 'org_494d0b2a47ea')
2026-08-24 03:45:05,960 INFO sqlalchemy.engine.Engine ROLLBACK
FAILED2026-08-24 03:45:06,353 INFO sqlalchemy.engine.Engine BEGIN (implicit)
2026-08-24 03:45:06,353 INFO sqlalchemy.engine.Engine PRAGMA main.table_info("organizations")
2026-08-24 03:45:06,354 INFO sqlalchemy.engine.Engine [raw sql] ()
2026-08-24 03:45:06,355 INFO sqlalchemy.engine.Engine PRAGMA main.table_info("users")
2026-08-24 03:45:06,355 INFO sqlalchemy.engine.Engine [raw sql] ()
2026-08-24 03:45:06,357 INFO sqlalchemy.engine.Engine PRAGMA main.table_info("data_sources")
2026-08-24 03:45:06,357 INFO sqlalchemy.engine.Engine [raw sql] ()
2026-08-24 03:45:06,358 INFO sqlalchemy.engine.Engine PRAGMA main.table_info("api_keys")
2026-08-24 03:45:06,358 INFO sqlalchemy.engine.Engine [raw sql] ()
2026-08-24 03:45:06,359 INFO sqlalchemy.engine.Engine PRAGMA main.table_info("audit_trails")
2026-08-24 03:45:06,359 INFO sqlalchemy.engine.Engine [raw sql] ()
2026-08-24 03:45:06,361 INFO sqlalchemy.engine.Engine PRAGMA main.table_info("events")
2026-08-24 03:45:06,361 INFO sqlalchemy.engine.Engine [raw sql] ()
2026-08-24 03:45:06,362 INFO sqlalchemy.engine.Engine PRAGMA main.table_info("risk_cases")
2026-08-24 03:45:06,362 INFO sqlalchemy.engine.Engine [raw sql] ()
2026-08-24 03:45:06,363 INFO sqlalchemy.engine.Engine PRAGMA main.table_info("investigations")
2026-08-24 03:45:06,363 INFO sqlalchemy.engine.Engine [raw sql] ()
2026-08-24 03:45:06,365 INFO sqlalchemy.engine.Engine PRAGMA main.table_info("decisions")
2026-08-24 03:45:06,365 INFO sqlalchemy.engine.Engine [raw sql] ()
2026-08-24 03:45:06,366 INFO sqlalchemy.engine.Engine PRAGMA main.table_info("evidence")
2026-08-24 03:45:06,366 INFO sqlalchemy.engine.Engine [raw sql] ()
2026-08-24 03:45:06,367 INFO sqlalchemy.engine.Engine PRAGMA main.table_info("policies")
2026-08-24 03:45:06,368 INFO sqlalchemy.engine.Engine [raw sql] ()
2026-08-24 03:45:06,369 INFO sqlalchemy.engine.Engine PRAGMA main.table_info("risk_assessments")
2026-08-24 03:45:06,370 INFO sqlalchemy.engine.Engine [raw sql] ()
2026-08-24 03:45:06,371 INFO sqlalchemy.engine.Engine PRAGMA main.table_info("relationships")
2026-08-24 03:45:06,371 INFO sqlalchemy.engine.Engine [raw sql] ()
2026-08-24 03:45:06,372 INFO sqlalchemy.engine.Engine 
DROP TABLE evidence
2026-08-24 03:45:06,373 INFO sqlalchemy.engine.Engine [no key 0.00019s] ()
2026-08-24 03:45:06,381 INFO sqlalchemy.engine.Engine 
DROP TABLE risk_assessments
2026-08-24 03:45:06,381 INFO sqlalchemy.engine.Engine [no key 0.00026s] ()
2026-08-24 03:45:06,388 INFO sqlalchemy.engine.Engine 
DROP TABLE decisions
2026-08-24 03:45:06,388 INFO sqlalchemy.engine.Engine [no key 0.00024s] ()
2026-08-24 03:45:06,395 INFO sqlalchemy.engine.Engine 
DROP TABLE investigations
2026-08-24 03:45:06,395 INFO sqlalchemy.engine.Engine [no key 0.00025s] ()
2026-08-24 03:45:06,403 INFO sqlalchemy.engine.Engine 
DROP TABLE risk_cases
2026-08-24 03:45:06,403 INFO sqlalchemy.engine.Engine [no key 0.00027s] ()
2026-08-24 03:45:06,411 INFO sqlalchemy.engine.Engine 
DROP TABLE audit_trails
2026-08-24 03:45:06,411 INFO sqlalchemy.engine.Engine [no key 0.00026s] ()
2026-08-24 03:45:06,422 INFO sqlalchemy.engine.Engine 
DROP TABLE policies
2026-08-24 03:45:06,422 INFO sqlalchemy.engine.Engine [no key 0.00028s] ()
2026-08-24 03:45:06,429 INFO sqlalchemy.engine.Engine 
DROP TABLE events
2026-08-24 03:45:06,429 INFO sqlalchemy.engine.Engine [no key 0.00025s] ()
2026-08-24 03:45:06,435 INFO sqlalchemy.engine.Engine 
DROP TABLE api_keys
2026-08-24 03:45:06,436 INFO sqlalchemy.engine.Engine [no key 0.00026s] ()
2026-08-24 03:45:06,443 INFO sqlalchemy.engine.Engine 
DROP TABLE data_sources
2026-08-24 03:45:06,443 INFO sqlalchemy.engine.Engine [no key 0.00021s] ()
2026-08-24 03:45:06,450 INFO sqlalchemy.engine.Engine 
DROP TABLE users
2026-08-24 03:45:06,450 INFO sqlalchemy.engine.Engine [no key 0.00025s] ()
2026-08-24 03:45:06,456 INFO sqlalchemy.engine.Engine 
DROP TABLE relationships
2026-08-24 03:45:06,456 INFO sqlalchemy.engine.Engine [no key 0.00020s] ()
2026-08-24 03:45:06,463 INFO sqlalchemy.engine.Engine 
DROP TABLE organizations
2026-08-24 03:45:06,463 INFO sqlalchemy.engine.Engine [no key 0.00023s] ()
2026-08-24 03:45:06,470 INFO sqlalchemy.engine.Engine COMMIT


================================== FAILURES ===================================
______________________ test_external_event_to_resolution ______________________

    @pytest.mark.asyncio
    async def test_external_event_to_resolution():
        async with AsyncClient(transport=ASGITransport(app=app), base_url="http://test") as client:
            # 1. Create Organization
            org_res = await client.post("/v1/orgs", json={"name": "Acme Corp"})
            assert org_res.status_code == 200
            org_id = org_res.json()["id"]
    
            # 2. Create API Key
            key_res = await client.post(f"/v1/orgs/{org_id}/apikeys")
            assert key_res.status_code == 200
            api_key = key_res.json()["key"]
    
            headers = {"Authorization": f"Bearer {api_key}"}
            user_headers = {"X-Alpha-Organization-Id": org_id}
    
            # 3. Create Policy (acting as user)
            policy_res = await client.post(
                "/v1/policies",
                json={
                    "name": "Acme Default",
                    "rules_config": {"Transaction Amount Anomaly": 20, "Suspicious IP": 25},
                    "thresholds": {"escalate": 60, "hold": 30}
                },
                headers=user_headers
            )
            if policy_res.status_code != 200:
                print(f"Policy Creation Failed: {policy_res.text}")
            assert policy_res.status_code == 200
    
            # 4. Send External Event
            event_payload = {
                "event_id": "evt_001",
                "source": "payment_gateway",
                "external_id": "tx_1001",
                "event_type": "transaction",
                "occurred_at": datetime.now(timezone.utc).isoformat(),
                "subject": {"type": "user", "id": "user_404"},
                "payload": {"amount": 5000, "ip": "192.168.1.1"}
            }
            ingest_res = await client.post("/v1/events/ingest", json=event_payload, headers=headers)
            assert ingest_res.status_code == 200
            case_id = ingest_res.json()["case"]["id"]
    
            # 5. Worker Investigates
            runner = InvestigationRunner(async_session_maker, "worker_test")
            await runner._run_loop_cycle()
    
            # 6. Verify Case Status & Evidence
            case_check = await client.get(f"/v1/cases/{case_id}", headers=user_headers)
            assert case_check.status_code == 200
            case_data = case_check.json()
>           assert case_data["status"] == "PENDING_REVIEW"
E           AssertionError: assert 'NEW' == 'PENDING_REVIEW'
E             
E             - PENDING_REVIEW
E             + NEW

tests\test_external_event_to_resolution.py:77: AssertionError
----------------------------- Captured log setup ------------------------------
INFO     sqlalchemy.engine.Engine:base.py:2712 BEGIN (implicit)
INFO     sqlalchemy.engine.Engine:base.py:1848 PRAGMA main.table_info("organizations")
INFO     sqlalchemy.engine.Engine:base.py:1848 [raw sql] ()
INFO     sqlalchemy.engine.Engine:base.py:1848 PRAGMA temp.table_info("organizations")
INFO     sqlalchemy.engine.Engine:base.py:1848 [raw sql] ()
INFO     sqlalchemy.engine.Engine:base.py:1848 PRAGMA main.table_info("users")
INFO     sqlalchemy.engine.Engine:base.py:1848 [raw sql] ()
INFO     sqlalchemy.engine.Engine:base.py:1848 PRAGMA temp.table_info("users")
INFO     sqlalchemy.engine.Engine:base.py:1848 [raw sql] ()
INFO     sqlalchemy.engine.Engine:base.py:1848 PRAGMA main.table_info("data_sources")
INFO     sqlalchemy.engine.Engine:base.py:1848 [raw sql] ()
INFO     sqlalchemy.engine.Engine:base.py:1848 PRAGMA temp.table_info("data_sources")
INFO     sqlalchemy.engine.Engine:base.py:1848 [raw sql] ()
INFO     sqlalchemy.engine.Engine:base.py:1848 PRAGMA main.table_info("api_keys")
INFO     sqlalchemy.engine.Engine:base.py:1848 [raw sql] ()
INFO     sqlalchemy.engine.Engine:base.py:1848 PRAGMA temp.table_info("api_keys")
INFO     sqlalchemy.engine.Engine:base.py:1848 [raw sql] ()
INFO     sqlalchemy.engine.Engine:base.py:1848 PRAGMA main.table_info("audit_trails")
INFO     sqlalchemy.engine.Engine:base.py:1848 [raw sql] ()
INFO     sqlalchemy.engine.Engine:base.py:1848 PRAGMA temp.table_info("audit_trails")
INFO     sqlalchemy.engine.Engine:base.py:1848 [raw sql] ()
INFO     sqlalchemy.engine.Engine:base.py:1848 PRAGMA main.table_info("events")
INFO     sqlalchemy.engine.Engine:base.py:1848 [raw sql] ()
INFO     sqlalchemy.engine.Engine:base.py:1848 PRAGMA temp.table_info("events")
INFO     sqlalchemy.engine.Engine:base.py:1848 [raw sql] ()
INFO     sqlalchemy.engine.Engine:base.py:1848 PRAGMA main.table_info("risk_cases")
INFO     sqlalchemy.engine.Engine:base.py:1848 [raw sql] ()
INFO     sqlalchemy.engine.Engine:base.py:1848 PRAGMA temp.table_info("risk_cases")
INFO     sqlalchemy.engine.Engine:base.py:1848 [raw sql] ()
INFO     sqlalchemy.engine.Engine:base.py:1848 PRAGMA main.table_info("investigations")
INFO     sqlalchemy.engine.Engine:base.py:1848 [raw sql] ()
INFO     sqlalchemy.engine.Engine:base.py:1848 PRAGMA temp.table_info("investigations")
INFO     sqlalchemy.engine.Engine:base.py:1848 [raw sql] ()
INFO     sqlalchemy.engine.Engine:base.py:1848 PRAGMA main.table_info("decisions")
INFO     sqlalchemy.engine.Engine:base.py:1848 [raw sql] ()
INFO     sqlalchemy.engine.Engine:base.py:1848 PRAGMA temp.table_info("decisions")
INFO     sqlalchemy.engine.Engine:base.py:1848 [raw sql] ()
INFO     sqlalchemy.engine.Engine:base.py:1848 PRAGMA main.table_info("evidence")
INFO     sqlalchemy.engine.Engine:base.py:1848 [raw sql] ()
INFO     sqlalchemy.engine.Engine:base.py:1848 PRAGMA temp.table_info("evidence")
INFO     sqlalchemy.engine.Engine:base.py:1848 [raw sql] ()
INFO     sqlalchemy.engine.Engine:base.py:1848 PRAGMA main.table_info("policies")
INFO     sqlalchemy.engine.Engine:base.py:1848 [raw sql] ()
INFO     sqlalchemy.engine.Engine:base.py:1848 PRAGMA temp.table_info("policies")
INFO     sqlalchemy.engine.Engine:base.py:1848 [raw sql] ()
INFO     sqlalchemy.engine.Engine:base.py:1848 PRAGMA main.table_info("risk_assessments")
INFO     sqlalchemy.engine.Engine:base.py:1848 [raw sql] ()
INFO     sqlalchemy.engine.Engine:base.py:1848 PRAGMA temp.table_info("risk_assessments")
INFO     sqlalchemy.engine.Engine:base.py:1848 [raw sql] ()
INFO     sqlalchemy.engine.Engine:base.py:1848 PRAGMA main.table_info("relationships")
INFO     sqlalchemy.engine.Engine:base.py:1848 [raw sql] ()
INFO     sqlalchemy.engine.Engine:base.py:1848 PRAGMA temp.table_info("relationships")
INFO     sqlalchemy.engine.Engine:base.py:1848 [raw sql] ()
INFO     sqlalchemy.engine.Engine:base.py:1848 
CREATE TABLE organizations (
	id VARCHAR NOT NULL, 
	name VARCHAR, 
	created_at DATETIME, 
	PRIMARY KEY (id)
)


INFO     sqlalchemy.engine.Engine:base.py:1848 [no key 0.00021s] ()
INFO     sqlalchemy.engine.Engine:base.py:1848 
CREATE TABLE relationships (
	id VARCHAR NOT NULL, 
	source_id VARCHAR, 
	target_id VARCHAR, 
	relationship_type VARCHAR, 
	created_at DATETIME, 
	PRIMARY KEY (id)
)


INFO     sqlalchemy.engine.Engine:base.py:1848 [no key 0.00024s] ()
INFO     sqlalchemy.engine.Engine:base.py:1848 
CREATE TABLE users (
	id VARCHAR NOT NULL, 
	organization_id VARCHAR, 
	email VARCHAR, 
	role VARCHAR, 
	created_at DATETIME, 
	PRIMARY KEY (id), 
	FOREIGN KEY(organization_id) REFERENCES organizations (id), 
	UNIQUE (email)
)


INFO     sqlalchemy.engine.Engine:base.py:1848 [no key 0.00024s] ()
INFO     sqlalchemy.engine.Engine:base.py:1848 
CREATE TABLE data_sources (
	id VARCHAR NOT NULL, 
	organization_id VARCHAR, 
	name VARCHAR, 
	source_type VARCHAR, 
	created_at DATETIME, 
	PRIMARY KEY (id), 
	FOREIGN KEY(organization_id) REFERENCES organizations (id)
)


INFO     sqlalchemy.engine.Engine:base.py:1848 [no key 0.00026s] ()
INFO     sqlalchemy.engine.Engine:base.py:1848 
CREATE TABLE api_keys (
	id VARCHAR NOT NULL, 
	organization_id VARCHAR, 
	name VARCHAR, 
	key_hash VARCHAR NOT NULL, 
	prefix VARCHAR, 
	created_at DATETIME, 
	PRIMARY KEY (id), 
	FOREIGN KEY(organization_id) REFERENCES organizations (id), 
	UNIQUE (key_hash)
)


INFO     sqlalchemy.engine.Engine:base.py:1848 [no key 0.00025s] ()
INFO     sqlalchemy.engine.Engine:base.py:1848 
CREATE TABLE events (
	id VARCHAR NOT NULL, 
	event_id VARCHAR NOT NULL, 
	organization_id VARCHAR NOT NULL, 
	source VARCHAR NOT NULL, 
	external_id VARCHAR NOT NULL, 
	event_type VARCHAR, 
	payload JSON, 
	timestamp DATETIME, 
	PRIMARY KEY (id), 
	CONSTRAINT uq_event_org_source_ext UNIQUE (organization_id, source, external_id), 
	UNIQUE (event_id), 
	FOREIGN KEY(organization_id) REFERENCES organizations (id)
)


INFO     sqlalchemy.engine.Engine:base.py:1848 [no key 0.00027s] ()
INFO     sqlalchemy.engine.Engine:base.py:1848 
CREATE TABLE policies (
	id VARCHAR NOT NULL, 
	organization_id VARCHAR, 
	name VARCHAR, 
	version INTEGER, 
	rules_config JSON, 
	thresholds JSON, 
	is_active BOOLEAN, 
	created_at DATETIME, 
	PRIMARY KEY (id), 
	CONSTRAINT uq_policy_org_name_version UNIQUE (organization_id, name, version), 
	FOREIGN KEY(organization_id) REFERENCES organizations (id)
)


INFO     sqlalchemy.engine.Engine:base.py:1848 [no key 0.00028s] ()
INFO     sqlalchemy.engine.Engine:base.py:1848 
CREATE TABLE audit_trails (
	id VARCHAR NOT NULL, 
	entity_type VARCHAR, 
	entity_id VARCHAR, 
	action VARCHAR, 
	user_id VARCHAR, 
	previous_hash VARCHAR, 
	hash VARCHAR, 
	metadata_json JSON, 
	timestamp DATETIME, 
	PRIMARY KEY (id), 
	FOREIGN KEY(user_id) REFERENCES users (id)
)


INFO     sqlalchemy.engine.Engine:base.py:1848 [no key 0.00023s] ()
INFO     sqlalchemy.engine.Engine:base.py:1848 
CREATE TABLE risk_cases (
	id VARCHAR NOT NULL, 
	organization_id VARCHAR NOT NULL, 
	event_id VARCHAR, 
	status VARCHAR, 
	priority VARCHAR, 
	assigned_to VARCHAR, 
	attempt_count INTEGER, 
	last_error TEXT, 
	claimed_at DATETIME, 
	completed_at DATETIME, 
	worker_id VARCHAR, 
	created_at DATETIME, 
	PRIMARY KEY (id), 
	FOREIGN KEY(organization_id) REFERENCES organizations (id), 
	FOREIGN KEY(event_id) REFERENCES events (id), 
	FOREIGN KEY(assigned_to) REFERENCES users (id)
)


INFO     sqlalchemy.engine.Engine:base.py:1848 [no key 0.00040s] ()
INFO     sqlalchemy.engine.Engine:base.py:1848 
CREATE TABLE investigations (
	id VARCHAR NOT NULL, 
	risk_case_id VARCHAR, 
	status VARCHAR, 
	started_at DATETIME, 
	completed_at DATETIME, 
	PRIMARY KEY (id), 
	FOREIGN KEY(risk_case_id) REFERENCES risk_cases (id)
)


INFO     sqlalchemy.engine.Engine:base.py:1848 [no key 0.00024s] ()
INFO     sqlalchemy.engine.Engine:base.py:1848 
CREATE TABLE decisions (
	id VARCHAR NOT NULL, 
	risk_case_id VARCHAR, 
	actor_id VARCHAR, 
	system_recommendation VARCHAR, 
	human_decision VARCHAR, 
	reason TEXT, 
	policy_version INTEGER, 
	created_at DATETIME, 
	PRIMARY KEY (id), 
	FOREIGN KEY(risk_case_id) REFERENCES risk_cases (id), 
	FOREIGN KEY(actor_id) REFERENCES users (id)
)


INFO     sqlalchemy.engine.Engine:base.py:1848 [no key 0.00025s] ()
INFO     sqlalchemy.engine.Engine:base.py:1848 
CREATE TABLE risk_assessments (
	id VARCHAR NOT NULL, 
	risk_case_id VARCHAR, 
	policy_id VARCHAR, 
	policy_version INTEGER, 
	policy_snapshot JSON, 
	signals_snapshot JSON, 
	risk_score INTEGER, 
	recommendation VARCHAR, 
	rationale TEXT, 
	created_at DATETIME, 
	PRIMARY KEY (id), 
	FOREIGN KEY(risk_case_id) REFERENCES risk_cases (id), 
	FOREIGN KEY(policy_id) REFERENCES policies (id)
)


INFO     sqlalchemy.engine.Engine:base.py:1848 [no key 0.00028s] ()
INFO     sqlalchemy.engine.Engine:base.py:1848 
CREATE TABLE evidence (
	id VARCHAR NOT NULL, 
	investigation_id VARCHAR, 
	evidence_type VARCHAR, 
	source VARCHAR, 
	severity VARCHAR, 
	weight INTEGER, 
	confidence FLOAT, 
	value JSON, 
	explanation TEXT, 
	created_at DATETIME, 
	PRIMARY KEY (id), 
	FOREIGN KEY(investigation_id) REFERENCES investigations (id)
)


INFO     sqlalchemy.engine.Engine:base.py:1848 [no key 0.00022s] ()
INFO     sqlalchemy.engine.Engine:base.py:2718 COMMIT
------------------------------ Captured log call ------------------------------
INFO     sqlalchemy.engine.Engine:base.py:2712 BEGIN (implicit)
INFO     sqlalchemy.engine.Engine:base.py:1848 INSERT INTO organizations (id, name, created_at) VALUES (?, ?, ?)
INFO     sqlalchemy.engine.Engine:base.py:1848 [generated in 0.00040s] ('org_494d0b2a47ea', 'Acme Corp', '2026-08-23 22:15:05.815115')
INFO     sqlalchemy.engine.Engine:base.py:2718 COMMIT
INFO     sqlalchemy.engine.Engine:base.py:2712 BEGIN (implicit)
INFO     sqlalchemy.engine.Engine:base.py:1848 SELECT organizations.id, organizations.name, organizations.created_at 
FROM organizations 
WHERE organizations.id = ?
INFO     sqlalchemy.engine.Engine:base.py:1848 [generated in 0.00028s] ('org_494d0b2a47ea',)
INFO     sqlalchemy.engine.Engine:base.py:2715 ROLLBACK
INFO     sqlalchemy.engine.Engine:base.py:2712 BEGIN (implicit)
INFO     sqlalchemy.engine.Engine:base.py:1848 SELECT organizations.id, organizations.name, organizations.created_at 
FROM organizations 
WHERE organizations.id = ?
INFO     sqlalchemy.engine.Engine:base.py:1848 [generated in 0.00027s] ('org_494d0b2a47ea',)
INFO     sqlalchemy.engine.Engine:base.py:1848 INSERT INTO api_keys (id, organization_id, name, key_hash, prefix, created_at) VALUES (?, ?, ?, ?, ?, ?)
INFO     sqlalchemy.engine.Engine:base.py:1848 [generated in 0.00037s] ('key_5dfd83457558', 'org_494d0b2a47ea', 'Production Key', '3e672d1839874dca340e90c20d50f0f48ae1484c10c6d47a763f78dfaa74571f', 'rp_live_VTwx', '2026-08-23 22:15:05.837041')
INFO     sqlalchemy.engine.Engine:base.py:2718 COMMIT
INFO     sqlalchemy.engine.Engine:base.py:2712 BEGIN (implicit)
INFO     sqlalchemy.engine.Engine:base.py:1848 INSERT INTO policies (id, organization_id, name, version, rules_config, thresholds, is_active, created_at) VALUES (?, ?, ?, ?, ?, ?, ?, ?)
INFO     sqlalchemy.engine.Engine:base.py:1848 [generated in 0.00048s] ('pol_af02e2317ef5', 'org_494d0b2a47ea', 'Acme Default', 1, '{"Transaction Amount Anomaly": 20, "Suspicious IP": 25}', '{"escalate": 60, "hold": 30}', 1, '2026-08-23 22:15:05.861248')
INFO     sqlalchemy.engine.Engine:base.py:2718 COMMIT
INFO     sqlalchemy.engine.Engine:base.py:2712 BEGIN (implicit)
INFO     sqlalchemy.engine.Engine:base.py:1848 SELECT policies.id, policies.organization_id, policies.name, policies.version, policies.rules_config, policies.thresholds, policies.is_active, policies.created_at 
FROM policies 
WHERE policies.id = ?
INFO     sqlalchemy.engine.Engine:base.py:1848 [generated in 0.00027s] ('pol_af02e2317ef5',)
INFO     sqlalchemy.engine.Engine:base.py:2715 ROLLBACK
INFO     sqlalchemy.engine.Engine:base.py:2712 BEGIN (implicit)
INFO     sqlalchemy.engine.Engine:base.py:1848 SELECT api_keys.id, api_keys.organization_id, api_keys.name, api_keys.key_hash, api_keys.prefix, api_keys.created_at 
FROM api_keys 
WHERE api_keys.key_hash = ?
INFO     sqlalchemy.engine.Engine:base.py:1848 [generated in 0.00026s] ('3e672d1839874dca340e90c20d50f0f48ae1484c10c6d47a763f78dfaa74571f',)
INFO     sqlalchemy.engine.Engine:base.py:1848 INSERT INTO events (id, event_id, organization_id, source, external_id, event_type, payload, timestamp) VALUES (?, ?, ?, ?, ?, ?, ?, ?)
INFO     sqlalchemy.engine.Engine:base.py:1848 [generated in 0.00035s] ('b3950ba6-1c48-4aff-be61-e9c38b9826a8', 'evt_001', 'org_494d0b2a47ea', 'payment_gateway', 'tx_1001', 'transaction', '{"amount": 5000, "ip": "192.168.1.1", "_subject": {"type": "user", "id": "user_404"}, "_occurred_at": "2026-08-23T22:15:05.874512+00:00"}', '2026-08-23 22:15:05.880515')
INFO     sqlalchemy.engine.Engine:base.py:1848 INSERT INTO risk_cases (id, organization_id, event_id, status, priority, assigned_to, attempt_count, last_error, claimed_at, completed_at, worker_id, created_at) VALUES (?, ?, ?, ?, ?, ?, ?, ?, ?, ?, ?, ?)
INFO     sqlalchemy.engine.Engine:base.py:1848 [generated in 0.00036s] ('2fbde337-f497-4a2d-b1e4-8f9027505dff', 'org_494d0b2a47ea', 'b3950ba6-1c48-4aff-be61-e9c38b9826a8', 'NEW', None, None, 0, None, None, None, None, '2026-08-23 22:15:05.885525')
INFO     sqlalchemy.engine.Engine:base.py:2718 COMMIT
INFO     sqlalchemy.engine.Engine:base.py:2712 BEGIN (implicit)
INFO     sqlalchemy.engine.Engine:base.py:1848 SELECT events.id, events.event_id, events.organization_id, events.source, events.external_id, events.event_type, events.payload, events.timestamp 
FROM events 
WHERE events.id = ?
INFO     sqlalchemy.engine.Engine:base.py:1848 [generated in 0.00027s] ('b3950ba6-1c48-4aff-be61-e9c38b9826a8',)
INFO     sqlalchemy.engine.Engine:base.py:1848 SELECT risk_cases.id, risk_cases.organization_id, risk_cases.event_id, risk_cases.status, risk_cases.priority, risk_cases.assigned_to, risk_cases.attempt_count, risk_cases.last_error, risk_cases.claimed_at, risk_cases.completed_at, risk_cases.worker_id, risk_cases.created_at 
FROM risk_cases 
WHERE risk_cases.id = ?
INFO     sqlalchemy.engine.Engine:base.py:1848 [generated in 0.00027s] ('2fbde337-f497-4a2d-b1e4-8f9027505dff',)
INFO     api.ingest:logger.py:20 event_ingested event_id=b3950ba6-1c48-4aff-be61-e9c38b9826a8 source=payment_gateway org_id=org_494d0b2a47ea case_id=2fbde337-f497-4a2d-b1e4-8f9027505dff is_new=True
INFO     sqlalchemy.engine.Engine:base.py:2715 ROLLBACK
INFO     sqlalchemy.engine.Engine:base.py:2712 BEGIN (implicit)
INFO     sqlalchemy.engine.Engine:base.py:1848 UPDATE risk_cases SET status=?, last_error=?, worker_id=? WHERE risk_cases.status = ? AND risk_cases.claimed_at < ?
INFO     sqlalchemy.engine.Engine:base.py:1848 [generated in 0.00029s] ('NEW', 'Worker stale timeout', None, 'INVESTIGATING', '2026-08-23 22:05:05.902704')
INFO     sqlalchemy.engine.Engine:base.py:2718 COMMIT
INFO     sqlalchemy.engine.Engine:base.py:2712 BEGIN (implicit)
INFO     sqlalchemy.engine.Engine:base.py:1848 SELECT risk_cases.id, risk_cases.organization_id, risk_cases.event_id, risk_cases.status, risk_cases.priority, risk_cases.assigned_to, risk_cases.attempt_count, risk_cases.last_error, risk_cases.claimed_at, risk_cases.completed_at, risk_cases.worker_id, risk_cases.created_at 
FROM risk_cases 
WHERE risk_cases.status = ? ORDER BY risk_cases.created_at
 LIMIT ? OFFSET ?
INFO     sqlalchemy.engine.Engine:base.py:1848 [generated in 0.00028s] ('NEW', 1, 0)
INFO     sqlalchemy.engine.Engine:base.py:1848 UPDATE risk_cases SET status=?, attempt_count=?, claimed_at=?, worker_id=? WHERE risk_cases.id = ?
INFO     sqlalchemy.engine.Engine:base.py:1848 [generated in 0.00027s] ('INVESTIGATING', 1, '2026-08-23 22:15:05.911705', 'worker_test', '2fbde337-f497-4a2d-b1e4-8f9027505dff')
INFO     sqlalchemy.engine.Engine:base.py:2718 COMMIT
INFO     sqlalchemy.engine.Engine:base.py:2712 BEGIN (implicit)
INFO     sqlalchemy.engine.Engine:base.py:1848 SELECT risk_cases.id, risk_cases.organization_id, risk_cases.event_id, risk_cases.status, risk_cases.priority, risk_cases.assigned_to, risk_cases.attempt_count, risk_cases.last_error, risk_cases.claimed_at, risk_cases.completed_at, risk_cases.worker_id, risk_cases.created_at 
FROM risk_cases 
WHERE risk_cases.id = ?
INFO     sqlalchemy.engine.Engine:base.py:1848 [generated in 0.00028s] ('2fbde337-f497-4a2d-b1e4-8f9027505dff',)
INFO     sqlalchemy.engine.Engine:base.py:1848 SELECT risk_cases.id 
FROM risk_cases 
WHERE risk_cases.id = ?
INFO     sqlalchemy.engine.Engine:base.py:1848 [generated in 0.00025s] ('2fbde337-f497-4a2d-b1e4-8f9027505dff',)
INFO     sqlalchemy.engine.Engine:base.py:1848 SELECT events.id AS events_id, events.event_id AS events_event_id, events.organization_id AS events_organization_id, events.source AS events_source, events.external_id AS events_external_id, events.event_type AS events_event_type, events.payload AS events_payload, events.timestamp AS events_timestamp 
FROM events 
WHERE events.id = ?
INFO     sqlalchemy.engine.Engine:base.py:1848 [generated in 0.00028s] ('b3950ba6-1c48-4aff-be61-e9c38b9826a8',)
INFO     worker.investigation:logger.py:20 investigation_started case_id=2fbde337-f497-4a2d-b1e4-8f9027505dff worker_id=worker_test investigation_id=inv_595c8e2019f5
INFO     worker.investigation:logger.py:20 facts_collected case_id=2fbde337-f497-4a2d-b1e4-8f9027505dff fact_count=1
INFO     sqlalchemy.engine.Engine:base.py:1848 INSERT INTO audit_trails (id, entity_type, entity_id, action, user_id, previous_hash, hash, metadata_json, timestamp) VALUES (?, ?, ?, ?, ?, ?, ?, ?, ?)
INFO     sqlalchemy.engine.Engine:base.py:1848 [generated in 0.00044s] [('audit_a35cae948392', 'RiskCase', '2fbde337-f497-4a2d-b1e4-8f9027505dff', 'INVESTIGATION_STARTED', 'worker_test', None, None, '{"investigation_id": "inv_595c8e2019f5"}', '2026-08-23 22:15:05.932854'), ('audit_b6931994c347', 'RiskCase', '2fbde337-f497-4a2d-b1e4-8f9027505dff', 'FACTS_COLLECTED', 'worker_test', None, None, '{"fact_count": 1}', '2026-08-23 22:15:05.932854'), ('audit_70d7583b7409', 'RiskCase', '2fbde337-f497-4a2d-b1e4-8f9027505dff', 'EVIDENCE_CREATED', 'worker_test', None, None, '{"evidence_count": 1}', '2026-08-23 22:15:05.932854'), ('audit_e79d1dbe67bb', 'RiskCase', '2fbde337-f497-4a2d-b1e4-8f9027505dff', 'RELATIONSHIPS_DISCOVERED', 'worker_test', None, None, '{"relationship_count": 0}', '2026-08-23 22:15:05.932854')]
INFO     sqlalchemy.engine.Engine:base.py:1848 INSERT INTO investigations (id, risk_case_id, status, started_at, completed_at) VALUES (?, ?, ?, ?, ?)
INFO     sqlalchemy.engine.Engine:base.py:1848 [generated in 0.00034s] ('inv_595c8e2019f5', '2fbde337-f497-4a2d-b1e4-8f9027505dff', 'IN_PROGRESS', '2026-08-23 22:15:05.936853', None)
INFO     sqlalchemy.engine.Engine:base.py:1848 INSERT INTO evidence (id, investigation_id, evidence_type, source, severity, weight, confidence, value, explanation, created_at) VALUES (?, ?, ?, ?, ?, ?, ?, ?, ?, ?)
INFO     sqlalchemy.engine.Engine:base.py:1848 [generated in 0.00038s] ('ev_5343da775c82', 'inv_595c8e2019f5', 'HIGH_AMOUNT', 'transaction', 'LOW', 10, 1.0, '{"amount": 5000}', 'Derived from TRANSACTION_AMOUNT', '2026-08-23 22:15:05.939850')
INFO     sqlalchemy.engine.Engine:base.py:1848 SELECT policies.id, policies.organization_id, policies.name, policies.version, policies.rules_config, policies.thresholds, policies.is_active, policies.created_at 
FROM policies 
WHERE policies.organization_id = ? AND policies.is_active = 1
 LIMIT ? OFFSET ?
INFO     sqlalchemy.engine.Engine:base.py:1848 [generated in 0.00028s] ('org_494d0b2a47ea', 1, 0)
ERROR    workers.investigation.runner:runner.py:61 Error during investigation of case 2fbde337-f497-4a2d-b1e4-8f9027505dff: cannot unpack non-iterable int object
INFO     sqlalchemy.engine.Engine:base.py:2715 ROLLBACK
INFO     sqlalchemy.engine.Engine:base.py:2712 BEGIN (implicit)
INFO     sqlalchemy.engine.Engine:base.py:1848 SELECT risk_cases.id, risk_cases.organization_id, risk_cases.event_id, risk_cases.status, risk_cases.priority, risk_cases.assigned_to, risk_cases.attempt_count, risk_cases.last_error, risk_cases.claimed_at, risk_cases.completed_at, risk_cases.worker_id, risk_cases.created_at 
FROM risk_cases 
WHERE risk_cases.id = ?
INFO     sqlalchemy.engine.Engine:base.py:1848 [cached since 0.02462s ago] ('2fbde337-f497-4a2d-b1e4-8f9027505dff',)
INFO     sqlalchemy.engine.Engine:base.py:1848 UPDATE risk_cases SET status=?, last_error=? WHERE risk_cases.id = ?
INFO     sqlalchemy.engine.Engine:base.py:1848 [generated in 0.00026s] ('NEW', 'cannot unpack non-iterable int object', '2fbde337-f497-4a2d-b1e4-8f9027505dff')
INFO     sqlalchemy.engine.Engine:base.py:2718 COMMIT
INFO     sqlalchemy.engine.Engine:base.py:2712 BEGIN (implicit)
INFO     sqlalchemy.engine.Engine:base.py:1848 SELECT risk_cases.id, risk_cases.organization_id, risk_cases.event_id, risk_cases.status, risk_cases.priority, risk_cases.assigned_to, risk_cases.attempt_count, risk_cases.last_error, risk_cases.claimed_at, risk_cases.completed_at, risk_cases.worker_id, risk_cases.created_at 
FROM risk_cases 
WHERE risk_cases.id = ? AND risk_cases.organization_id = ?
INFO     sqlalchemy.engine.Engine:base.py:1848 [generated in 0.00029s] ('2fbde337-f497-4a2d-b1e4-8f9027505dff', 'org_494d0b2a47ea')
INFO     sqlalchemy.engine.Engine:base.py:2715 ROLLBACK
---------------------------- Captured log teardown ----------------------------
INFO     sqlalchemy.engine.Engine:base.py:2712 BEGIN (implicit)
INFO     sqlalchemy.engine.Engine:base.py:1848 PRAGMA main.table_info("organizations")
INFO     sqlalchemy.engine.Engine:base.py:1848 [raw sql] ()
INFO     sqlalchemy.engine.Engine:base.py:1848 PRAGMA main.table_info("users")
INFO     sqlalchemy.engine.Engine:base.py:1848 [raw sql] ()
INFO     sqlalchemy.engine.Engine:base.py:1848 PRAGMA main.table_info("data_sources")
INFO     sqlalchemy.engine.Engine:base.py:1848 [raw sql] ()
INFO     sqlalchemy.engine.Engine:base.py:1848 PRAGMA main.table_info("api_keys")
INFO     sqlalchemy.engine.Engine:base.py:1848 [raw sql] ()
INFO     sqlalchemy.engine.Engine:base.py:1848 PRAGMA main.table_info("audit_trails")
INFO     sqlalchemy.engine.Engine:base.py:1848 [raw sql] ()
INFO     sqlalchemy.engine.Engine:base.py:1848 PRAGMA main.table_info("events")
INFO     sqlalchemy.engine.Engine:base.py:1848 [raw sql] ()
INFO     sqlalchemy.engine.Engine:base.py:1848 PRAGMA main.table_info("risk_cases")
INFO     sqlalchemy.engine.Engine:base.py:1848 [raw sql] ()
INFO     sqlalchemy.engine.Engine:base.py:1848 PRAGMA main.table_info("investigations")
INFO     sqlalchemy.engine.Engine:base.py:1848 [raw sql] ()
INFO     sqlalchemy.engine.Engine:base.py:1848 PRAGMA main.table_info("decisions")
INFO     sqlalchemy.engine.Engine:base.py:1848 [raw sql] ()
INFO     sqlalchemy.engine.Engine:base.py:1848 PRAGMA main.table_info("evidence")
INFO     sqlalchemy.engine.Engine:base.py:1848 [raw sql] ()
INFO     sqlalchemy.engine.Engine:base.py:1848 PRAGMA main.table_info("policies")
INFO     sqlalchemy.engine.Engine:base.py:1848 [raw sql] ()
INFO     sqlalchemy.engine.Engine:base.py:1848 PRAGMA main.table_info("risk_assessments")
INFO     sqlalchemy.engine.Engine:base.py:1848 [raw sql] ()
INFO     sqlalchemy.engine.Engine:base.py:1848 PRAGMA main.table_info("relationships")
INFO     sqlalchemy.engine.Engine:base.py:1848 [raw sql] ()
INFO     sqlalchemy.engine.Engine:base.py:1848 
DROP TABLE evidence
INFO     sqlalchemy.engine.Engine:base.py:1848 [no key 0.00019s] ()
INFO     sqlalchemy.engine.Engine:base.py:1848 
DROP TABLE risk_assessments
INFO     sqlalchemy.engine.Engine:base.py:1848 [no key 0.00026s] ()
INFO     sqlalchemy.engine.Engine:base.py:1848 
DROP TABLE decisions
INFO     sqlalchemy.engine.Engine:base.py:1848 [no key 0.00024s] ()
INFO     sqlalchemy.engine.Engine:base.py:1848 
DROP TABLE investigations
INFO     sqlalchemy.engine.Engine:base.py:1848 [no key 0.00025s] ()
INFO     sqlalchemy.engine.Engine:base.py:1848 
DROP TABLE risk_cases
INFO     sqlalchemy.engine.Engine:base.py:1848 [no key 0.00027s] ()
INFO     sqlalchemy.engine.Engine:base.py:1848 
DROP TABLE audit_trails
INFO     sqlalchemy.engine.Engine:base.py:1848 [no key 0.00026s] ()
INFO     sqlalchemy.engine.Engine:base.py:1848 
DROP TABLE policies
INFO     sqlalchemy.engine.Engine:base.py:1848 [no key 0.00028s] ()
INFO     sqlalchemy.engine.Engine:base.py:1848 
DROP TABLE events
INFO     sqlalchemy.engine.Engine:base.py:1848 [no key 0.00025s] ()
INFO     sqlalchemy.engine.Engine:base.py:1848 
DROP TABLE api_keys
INFO     sqlalchemy.engine.Engine:base.py:1848 [no key 0.00026s] ()
INFO     sqlalchemy.engine.Engine:base.py:1848 
DROP TABLE data_sources
INFO     sqlalchemy.engine.Engine:base.py:1848 [no key 0.00021s] ()
INFO     sqlalchemy.engine.Engine:base.py:1848 
DROP TABLE users
INFO     sqlalchemy.engine.Engine:base.py:1848 [no key 0.00025s] ()
INFO     sqlalchemy.engine.Engine:base.py:1848 
DROP TABLE relationships
INFO     sqlalchemy.engine.Engine:base.py:1848 [no key 0.00020s] ()
INFO     sqlalchemy.engine.Engine:base.py:1848 
DROP TABLE organizations
INFO     sqlalchemy.engine.Engine:base.py:1848 [no key 0.00023s] ()
INFO     sqlalchemy.engine.Engine:base.py:2718 COMMIT
============================== warnings summary ===============================
..\..\packages\schemas\events.py:14
  C:\Users\Saurav\Desktop\RiskPilot AI\packages\schemas\events.py:14: PydanticDeprecatedSince20: Support for class-based `config` is deprecated, use ConfigDict instead. Deprecated in Pydantic V2.0 to be removed in V3.0. See Pydantic V2 Migration Guide at https://errors.pydantic.dev/2.13/migration/
    class EventResponse(BaseModel):

..\..\packages\schemas\cases.py:6
  C:\Users\Saurav\Desktop\RiskPilot AI\packages\schemas\cases.py:6: PydanticDeprecatedSince20: Support for class-based `config` is deprecated, use ConfigDict instead. Deprecated in Pydantic V2.0 to be removed in V3.0. See Pydantic V2 Migration Guide at https://errors.pydantic.dev/2.13/migration/
    class RiskCaseResponse(BaseModel):

app\main.py:45
  C:\Users\Saurav\Desktop\RiskPilot AI\apps\api\app\main.py:45: DeprecationWarning: 
          on_event is deprecated, use lifespan event handlers instead.
  
          Read more about it in the
          [FastAPI docs for Lifespan Events](https://fastapi.tiangolo.com/advanced/events/).
          
    @app.on_event("startup")

..\..\..\..\AppData\Local\Packages\PythonSoftwareFoundation.Python.3.12_qbz5n2kfra8p0\LocalCache\local-packages\Python312\site-packages\fastapi\applications.py:4681
  C:\Users\Saurav\AppData\Local\Packages\PythonSoftwareFoundation.Python.3.12_qbz5n2kfra8p0\LocalCache\local-packages\Python312\site-packages\fastapi\applications.py:4681: DeprecationWarning: 
          on_event is deprecated, use lifespan event handlers instead.
  
          Read more about it in the
          [FastAPI docs for Lifespan Events](https://fastapi.tiangolo.com/advanced/events/).
          
    return self.router.on_event(event_type)  # ty: ignore[deprecated]

tests/test_external_event_to_resolution.py::test_external_event_to_resolution
tests/test_external_event_to_resolution.py::test_external_event_to_resolution
tests/test_external_event_to_resolution.py::test_external_event_to_resolution
tests/test_external_event_to_resolution.py::test_external_event_to_resolution
tests/test_external_event_to_resolution.py::test_external_event_to_resolution
tests/test_external_event_to_resolution.py::test_external_event_to_resolution
tests/test_external_event_to_resolution.py::test_external_event_to_resolution
tests/test_external_event_to_resolution.py::test_external_event_to_resolution
tests/test_external_event_to_resolution.py::test_external_event_to_resolution
  C:\Users\Saurav\AppData\Local\Packages\PythonSoftwareFoundation.Python.3.12_qbz5n2kfra8p0\LocalCache\local-packages\Python312\site-packages\sqlalchemy\sql\schema.py:3627: DeprecationWarning: datetime.datetime.utcnow() is deprecated and scheduled for removal in a future version. Use timezone-aware objects to represent datetimes in UTC: datetime.datetime.now(datetime.UTC).
    return util.wrap_callable(lambda ctx: fn(), fn)  # type: ignore

tests/test_external_event_to_resolution.py::test_external_event_to_resolution
  C:\Users\Saurav\Desktop\RiskPilot AI\apps\api\app\routers\ingest.py:44: DeprecationWarning: datetime.datetime.utcnow() is deprecated and scheduled for removal in a future version. Use timezone-aware objects to represent datetimes in UTC: datetime.datetime.now(datetime.UTC).
    timestamp=datetime.utcnow()

tests/test_external_event_to_resolution.py::test_external_event_to_resolution
  C:\Users\Saurav\Desktop\RiskPilot AI\apps\api\app\routers\ingest.py:58: DeprecationWarning: datetime.datetime.utcnow() is deprecated and scheduled for removal in a future version. Use timezone-aware objects to represent datetimes in UTC: datetime.datetime.now(datetime.UTC).
    created_at=datetime.utcnow()

tests/test_external_event_to_resolution.py::test_external_event_to_resolution
  C:\Users\Saurav\Desktop\RiskPilot AI\workers\investigation\claim.py:69: DeprecationWarning: datetime.datetime.utcnow() is deprecated and scheduled for removal in a future version. Use timezone-aware objects to represent datetimes in UTC: datetime.datetime.now(datetime.UTC).
    cutoff_time = datetime.utcnow() - timedelta(minutes=timeout_minutes)

tests/test_external_event_to_resolution.py::test_external_event_to_resolution
  C:\Users\Saurav\Desktop\RiskPilot AI\workers\investigation\claim.py:29: DeprecationWarning: datetime.datetime.utcnow() is deprecated and scheduled for removal in a future version. Use timezone-aware objects to represent datetimes in UTC: datetime.datetime.now(datetime.UTC).
    case.claimed_at = datetime.utcnow()

-- Docs: https://docs.pytest.org/en/stable/how-to/capture-warnings.html
=========================== short test summary info ===========================
FAILED tests/test_external_event_to_resolution.py::test_external_event_to_resolution
======================= 1 failed, 17 warnings in 2.52s ========================
